<?xml version="1.0" encoding="UTF-8"?>
<testng-results total="1" passed="1" failed="0" skipped="0">
  <reporter-output>
  </reporter-output>
  <suite started-at="2021-03-22T02:21:48Z" name="Default suite" finished-at="2021-03-22T02:22:06Z" duration-ms="18077">
    <groups>
    </groups>
    <test started-at="2021-03-22T02:21:48Z" name="Default test" finished-at="2021-03-22T02:22:06Z" duration-ms="18077">
      <class name="Website.VerifyNavBar">
        <test-method is-config="true" signature="initialize()[pri:0, instance:Website.VerifyNavBar@3f6b0be5]" started-at="2021-03-21T19:21:48Z" name="initialize" finished-at="2021-03-21T19:21:56Z" duration-ms="8063" status="PASS">
          <reporter-output>
          </reporter-output>
        </test-method> <!-- initialize -->
        <test-method signature="websiteNavBar()[pri:0, instance:Website.VerifyNavBar@3f6b0be5]" started-at="2021-03-21T19:21:56Z" name="websiteNavBar" finished-at="2021-03-21T19:22:06Z" duration-ms="9651" status="PASS">
          <reporter-output>
          </reporter-output>
        </test-method> <!-- websiteNavBar -->
        <test-method is-config="true" signature="teardown()[pri:0, instance:Website.VerifyNavBar@3f6b0be5]" started-at="2021-03-21T19:22:06Z" name="teardown" finished-at="2021-03-21T19:22:06Z" duration-ms="324" status="PASS">
          <reporter-output>
          </reporter-output>
        </test-method> <!-- teardown -->
      </class> <!-- Website.VerifyNavBar -->
    </test> <!-- Default test -->
  </suite> <!-- Default suite -->
</testng-results>
